<?xml version="1.0" encoding="UTF-8"?>
<testsuite xmlns:xsi="http://www.w3.org/2001/XMLSchema-instance" xsi:noNamespaceSchemaLocation="https://maven.apache.org/surefire/maven-surefire-plugin/xsd/surefire-test-report.xsd" name="org.example.SudokuSolverTest" time="0.067" tests="2" errors="0" skipped="0" failures="2">
  <properties>
    <property name="gopherProxySet" value="false"/>
    <property name="awt.toolkit" value="sun.lwawt.macosx.LWCToolkit"/>
    <property name="java.specification.version" value="11"/>
    <property name="sun.cpu.isalist" value=""/>
    <property name="sun.jnu.encoding" value="UTF-8"/>
    <property name="java.class.path" value="/Users/d0s0mr4/Desktop/repository/sudoku-solver/target/test-classes:/Users/d0s0mr4/Desktop/repository/sudoku-solver/target/classes:/Users/d0s0mr4/.m2/repository/org/junit/jupiter/junit-jupiter/5.8.2/junit-jupiter-5.8.2.jar:/Users/d0s0mr4/.m2/repository/org/junit/jupiter/junit-jupiter-api/5.8.2/junit-jupiter-api-5.8.2.jar:/Users/d0s0mr4/.m2/repository/org/opentest4j/opentest4j/1.2.0/opentest4j-1.2.0.jar:/Users/d0s0mr4/.m2/repository/org/junit/platform/junit-platform-commons/1.8.2/junit-platform-commons-1.8.2.jar:/Users/d0s0mr4/.m2/repository/org/apiguardian/apiguardian-api/1.1.2/apiguardian-api-1.1.2.jar:/Users/d0s0mr4/.m2/repository/org/junit/jupiter/junit-jupiter-params/5.8.2/junit-jupiter-params-5.8.2.jar:/Users/d0s0mr4/.m2/repository/org/junit/jupiter/junit-jupiter-engine/5.8.2/junit-jupiter-engine-5.8.2.jar:/Users/d0s0mr4/.m2/repository/org/junit/platform/junit-platform-engine/1.8.2/junit-platform-engine-1.8.2.jar:"/>
    <property name="java.vm.vendor" value="Azul Systems, Inc."/>
    <property name="sun.arch.data.model" value="64"/>
    <property name="java.vendor.url" value="http://www.azul.com/"/>
    <property name="user.timezone" value=""/>
    <property name="java.vm.specification.version" value="11"/>
    <property name="os.name" value="Mac OS X"/>
    <property name="sun.java.launcher" value="SUN_STANDARD"/>
    <property name="user.country" value="IN"/>
    <property name="sun.boot.library.path" value="/Users/d0s0mr4/Library/CloudStorage/OneDrive-WalmartInc/Office/Installation/openjdk/zulu11.58.16-sa-jdk11.0.16-macosx_x64/zulu-11.jdk/Contents/Home/lib"/>
    <property name="sun.java.command" value="/Users/d0s0mr4/Desktop/repository/sudoku-solver/target/surefire/surefirebooter2005913151198733809.jar /Users/d0s0mr4/Desktop/repository/sudoku-solver/target/surefire 2025-06-18T23-06-53_192-jvmRun1 surefire15443538904740942783tmp surefire_012212468288003414572tmp"/>
    <property name="http.nonProxyHosts" value="local|*.local|169.254/16|*.169.254/16|wal-mart.com|*.wal-mart.com|wamnetNAD|*.wamnetNAD|walmart.com|*.walmart.com|wmlink|*.wmlink|walmartlabs.com|*.walmartlabs.com"/>
    <property name="jdk.debug" value="release"/>
    <property name="surefire.test.class.path" value="/Users/d0s0mr4/Desktop/repository/sudoku-solver/target/test-classes:/Users/d0s0mr4/Desktop/repository/sudoku-solver/target/classes:/Users/d0s0mr4/.m2/repository/org/junit/jupiter/junit-jupiter/5.8.2/junit-jupiter-5.8.2.jar:/Users/d0s0mr4/.m2/repository/org/junit/jupiter/junit-jupiter-api/5.8.2/junit-jupiter-api-5.8.2.jar:/Users/d0s0mr4/.m2/repository/org/opentest4j/opentest4j/1.2.0/opentest4j-1.2.0.jar:/Users/d0s0mr4/.m2/repository/org/junit/platform/junit-platform-commons/1.8.2/junit-platform-commons-1.8.2.jar:/Users/d0s0mr4/.m2/repository/org/apiguardian/apiguardian-api/1.1.2/apiguardian-api-1.1.2.jar:/Users/d0s0mr4/.m2/repository/org/junit/jupiter/junit-jupiter-params/5.8.2/junit-jupiter-params-5.8.2.jar:/Users/d0s0mr4/.m2/repository/org/junit/jupiter/junit-jupiter-engine/5.8.2/junit-jupiter-engine-5.8.2.jar:/Users/d0s0mr4/.m2/repository/org/junit/platform/junit-platform-engine/1.8.2/junit-platform-engine-1.8.2.jar:"/>
    <property name="sun.cpu.endian" value="little"/>
    <property name="user.home" value="/Users/d0s0mr4"/>
    <property name="user.language" value="en"/>
    <property name="java.specification.vendor" value="Oracle Corporation"/>
    <property name="java.version.date" value="2022-07-19"/>
    <property name="java.home" value="/Users/d0s0mr4/Library/CloudStorage/OneDrive-WalmartInc/Office/Installation/openjdk/zulu11.58.16-sa-jdk11.0.16-macosx_x64/zulu-11.jdk/Contents/Home"/>
    <property name="file.separator" value="/"/>
    <property name="basedir" value="/Users/d0s0mr4/Desktop/repository/sudoku-solver"/>
    <property name="java.vm.compressedOopsMode" value="Zero based"/>
    <property name="line.separator" value="&#10;"/>
    <property name="java.specification.name" value="Java Platform API Specification"/>
    <property name="java.vm.specification.vendor" value="Oracle Corporation"/>
    <property name="jdk.vendor.version" value="Zulu11.58+16-SA"/>
    <property name="java.awt.graphicsenv" value="sun.awt.CGraphicsEnvironment"/>
    <property name="surefire.real.class.path" value="/Users/d0s0mr4/Desktop/repository/sudoku-solver/target/surefire/surefirebooter2005913151198733809.jar"/>
    <property name="sun.management.compiler" value="HotSpot 64-Bit Tiered Compilers"/>
    <property name="ftp.nonProxyHosts" value="local|*.local|169.254/16|*.169.254/16|wal-mart.com|*.wal-mart.com|wamnetNAD|*.wamnetNAD|walmart.com|*.walmart.com|wmlink|*.wmlink|walmartlabs.com|*.walmartlabs.com"/>
    <property name="java.runtime.version" value="11.0.16+8-LTS"/>
    <property name="user.name" value="d0s0mr4"/>
    <property name="path.separator" value=":"/>
    <property name="os.version" value="15.5"/>
    <property name="java.runtime.name" value="OpenJDK Runtime Environment"/>
    <property name="file.encoding" value="UTF-8"/>
    <property name="java.vm.name" value="OpenJDK 64-Bit Server VM"/>
    <property name="java.vendor.version" value="Zulu11.58+16-SA"/>
    <property name="localRepository" value="/Users/d0s0mr4/.m2/repository"/>
    <property name="java.vendor.url.bug" value="http://www.azul.com/support/"/>
    <property name="java.io.tmpdir" value="/var/folders/lb/6mq7khxx4rj9vk67f9cm78080000gp/T/"/>
    <property name="java.version" value="11.0.16"/>
    <property name="user.dir" value="/Users/d0s0mr4/Desktop/repository/sudoku-solver"/>
    <property name="os.arch" value="x86_64"/>
    <property name="java.vm.specification.name" value="Java Virtual Machine Specification"/>
    <property name="java.awt.printerjob" value="sun.lwawt.macosx.CPrinterJob"/>
    <property name="sun.os.patch.level" value="unknown"/>
    <property name="java.library.path" value="/Users/d0s0mr4/Library/Java/Extensions:/Library/Java/Extensions:/Network/Library/Java/Extensions:/System/Library/Java/Extensions:/usr/lib/java:."/>
    <property name="java.vm.info" value="mixed mode"/>
    <property name="java.vendor" value="Azul Systems, Inc."/>
    <property name="java.vm.version" value="11.0.16+8-LTS"/>
    <property name="sun.io.unicode.encoding" value="UnicodeBig"/>
    <property name="java.class.version" value="55.0"/>
    <property name="socksNonProxyHosts" value="local|*.local|169.254/16|*.169.254/16|wal-mart.com|*.wal-mart.com|wamnetNAD|*.wamnetNAD|walmart.com|*.walmart.com|wmlink|*.wmlink|walmartlabs.com|*.walmartlabs.com"/>
  </properties>
  <testcase name="testEasyBoard" classname="org.example.SudokuSolverTest" time="0.045">
    <failure message="expected: &lt;true&gt; but was: &lt;false&gt;" type="org.opentest4j.AssertionFailedError"><![CDATA[org.opentest4j.AssertionFailedError: expected: <true> but was: <false>
	at org.example.SudokuSolverTest.testEasyBoard(SudokuSolverTest.java:23)
]]></failure>
  </testcase>
  <testcase name="testDifficultBoard" classname="org.example.SudokuSolverTest" time="0.008">
    <failure message="expected: &lt;true&gt; but was: &lt;false&gt;" type="org.opentest4j.AssertionFailedError"><![CDATA[org.opentest4j.AssertionFailedError: expected: <true> but was: <false>
	at org.example.SudokuSolverTest.testDifficultBoard(SudokuSolverTest.java:41)
]]></failure>
  </testcase>
</testsuite>